#
# There is insufficient memory for the Java Runtime Environment to continue.
# Native memory allocation (malloc) failed to allocate 1048576 bytes for AllocateHeap
# Possible reasons:
#   The system is out of physical RAM or swap space
#   The process is running with CompressedOops enabled, and the Java Heap may be blocking the growth of the native heap
# Possible solutions:
#   Reduce memory load on the system
#   Increase physical memory or swap space
#   Check if swap backing store is full
#   Decrease Java heap size (-Xmx/-Xms)
#   Decrease number of Java threads
#   Decrease Java thread stack sizes (-Xss)
#   Set larger code cache with -XX:ReservedCodeCacheSize=
#   JVM is running with Unscaled Compressed Oops mode in which the Java heap is
#     placed in the first 4GB address space. The Java Heap base address is the
#     maximum limit for the native heap growth. Please use -XX:HeapBaseMinAddress
#     to set the Java Heap base and to place the Java Heap above 4GB virtual address.
# This output file may be truncated or incomplete.
#
#  Out of Memory Error (allocation.cpp:44), pid=9396, tid=26592
#
# JRE version: OpenJDK Runtime Environment Temurin-17.0.10+7 (17.0.10+7) (build 17.0.10+7)
# Java VM: OpenJDK 64-Bit Server VM Temurin-17.0.10+7 (17.0.10+7, mixed mode, emulated-client, tiered, compressed oops, compressed class ptrs, g1 gc, windows-amd64)
# No core dump will be written. Minidumps are not enabled by default on client versions of Windows
#

---------------  S U M M A R Y ------------

Command Line: -XX:+HeapDumpOnOutOfMemoryError -Xmx1024m -Dsts.lsp.client=vscode -Dsts.log.file=/dev/null -XX:TieredStopAtLevel=1 -Xlog:jni+resolve=off -Dspring.config.location=file:c:\Users\Cliente\.vscode\extensions\vmware.vscode-spring-boot-1.53.0\language-server\BOOT-INF\classes\application.properties org.springframework.ide.vscode.boot.app.BootLanguageServerBootApp

Host: Intel(R) Core(TM) i5-1035G1 CPU @ 1.00GHz, 8 cores, 7G,  Windows 11 , 64 bit Build 22621 (10.0.22621.3235)
Time: Wed Apr  3 16:23:52 2024 Hora oficial do Brasil elapsed time: 74260.888246 seconds (0d 20h 37m 40s)

---------------  T H R E A D  ---------------

Current thread (0x00000176df1fde40):  VMThread "VM Thread" [stack: 0x0000000295f00000,0x0000000296000000] [id=26592]

Stack: [0x0000000295f00000,0x0000000296000000]
Native frames: (J=compiled Java code, j=interpreted, Vv=VM code, C=native code)
V  [jvm.dll+0x67d2c9]
V  [jvm.dll+0x834afa]
V  [jvm.dll+0x8365be]
V  [jvm.dll+0x836c23]
V  [jvm.dll+0x2477ff]
V  [jvm.dll+0xa6c93]
V  [jvm.dll+0x2f8663]
V  [jvm.dll+0x2f42e0]
V  [jvm.dll+0x2dc8c7]
V  [jvm.dll+0x31fb87]
V  [jvm.dll+0x83b11b]
V  [jvm.dll+0x83be61]
V  [jvm.dll+0x83c37d]
V  [jvm.dll+0x83c754]
V  [jvm.dll+0x83c820]
V  [jvm.dll+0x7e3fba]
V  [jvm.dll+0x67c1b5]
C  [ucrtbase.dll+0x29363]
C  [KERNEL32.DLL+0x1257d]
C  [ntdll.dll+0x5aa58]

VM_Operation (0x0000000296ffefe0): G1CollectFull, mode: safepoint, requested by thread 0x00000176e4cc4a90


---------------  P R O C E S S  ---------------

Threads class SMR info:
_java_thread_list=0x00000176e4d54410, length=27, elements={
0x00000176df212380, 0x00000176df217600, 0x00000176df239a30, 0x00000176df23a500,
0x00000176df368070, 0x00000176df36a950, 0x00000176df36b220, 0x00000176df36bb30,
0x00000176df57af70, 0x00000176df5841c0, 0x00000176e4b51bd0, 0x00000176e4cc4a90,
0x00000176e4cc8510, 0x00000176d4417770, 0x00000176e4998330, 0x00000176e4d47190,
0x00000176e4d62f00, 0x00000176e4d63920, 0x00000176e4d63410, 0x00000176e4dd8450,
0x00000176e4dd6b00, 0x00000176e4dd8e70, 0x00000176e4dd3350, 0x00000176e4dd3d70,
0x00000176e4dd7520, 0x00000176e4dd7a30, 0x00000176e4dd9da0
}

Java Threads: ( => current thread )
  0x00000176df212380 JavaThread "Reference Handler" daemon [_thread_blocked, id=24708, stack(0x0000000296000000,0x0000000296100000)]
  0x00000176df217600 JavaThread "Finalizer" daemon [_thread_blocked, id=17016, stack(0x0000000296100000,0x0000000296200000)]
  0x00000176df239a30 JavaThread "Signal Dispatcher" daemon [_thread_blocked, id=13980, stack(0x0000000296200000,0x0000000296300000)]
  0x00000176df23a500 JavaThread "Attach Listener" daemon [_thread_blocked, id=2176, stack(0x0000000296300000,0x0000000296400000)]
  0x00000176df368070 JavaThread "Service Thread" daemon [_thread_blocked, id=960, stack(0x0000000296400000,0x0000000296500000)]
  0x00000176df36a950 JavaThread "Monitor Deflation Thread" daemon [_thread_blocked, id=7220, stack(0x0000000296500000,0x0000000296600000)]
  0x00000176df36b220 JavaThread "C1 CompilerThread0" daemon [_thread_blocked, id=24380, stack(0x0000000296600000,0x0000000296700000)]
  0x00000176df36bb30 JavaThread "Sweeper thread" daemon [_thread_blocked, id=28624, stack(0x0000000296700000,0x0000000296800000)]
  0x00000176df57af70 JavaThread "Notification Thread" daemon [_thread_blocked, id=24516, stack(0x0000000296900000,0x0000000296a00000)]
  0x00000176df5841c0 JavaThread "Common-Cleaner" daemon [_thread_blocked, id=10904, stack(0x0000000296b00000,0x0000000296c00000)]
  0x00000176e4b51bd0 JavaThread "boundedElastic-evictor-1" daemon [_thread_blocked, id=23384, stack(0x0000000296800000,0x0000000296900000)]
  0x00000176e4cc4a90 JavaThread "pool-13-thread-1" [_thread_blocked, id=11728, stack(0x0000000296f00000,0x0000000297000000)]
  0x00000176e4cc8510 JavaThread "LanguageServerApp-lifecycle" [_thread_blocked, id=17756, stack(0x0000000297200000,0x0000000297300000)]
  0x00000176d4417770 JavaThread "DestroyJavaVM" [_thread_blocked, id=7012, stack(0x0000000295900000,0x0000000295a00000)]
  0x00000176e4998330 JavaThread "pool-14-thread-1" [_thread_in_native, id=27224, stack(0x0000000297300000,0x0000000297400000)]
  0x00000176e4d47190 JavaThread "Simple-Language-Server main thread" daemon [_thread_blocked, id=22472, stack(0x0000000297700000,0x0000000297800000)]
  0x00000176e4d62f00 JavaThread "pool-8-thread-1" [_thread_blocked, id=19236, stack(0x0000000297c00000,0x0000000297d00000)]
  0x00000176e4d63920 JavaThread "parallel-1" daemon [_thread_blocked, id=19704, stack(0x0000000297d00000,0x0000000297e00000)]
  0x00000176e4d63410 JavaThread "pool-6-thread-1" [_thread_blocked, id=3644, stack(0x0000000297e00000,0x0000000297f00000)]
  0x00000176e4dd8450 JavaThread "parallel-2" daemon [_thread_blocked, id=27016, stack(0x0000000297f00000,0x0000000298000000)]
  0x00000176e4dd6b00 JavaThread "parallel-3" daemon [_thread_blocked, id=1324, stack(0x0000000298000000,0x0000000298100000)]
  0x00000176e4dd8e70 JavaThread "Reconciler-1" daemon [_thread_blocked, id=14140, stack(0x0000000298800000,0x0000000298900000)]
  0x00000176e4dd3350 JavaThread "parallel-4" daemon [_thread_blocked, id=16684, stack(0x0000000298900000,0x0000000298a00000)]
  0x00000176e4dd3d70 JavaThread "parallel-5" daemon [_thread_blocked, id=12368, stack(0x0000000298a00000,0x0000000298b00000)]
  0x00000176e4dd7520 JavaThread "parallel-6" daemon [_thread_blocked, id=16572, stack(0x0000000295800000,0x0000000295900000)]
  0x00000176e4dd7a30 JavaThread "parallel-7" daemon [_thread_blocked, id=14376, stack(0x0000000297800000,0x0000000297900000)]
  0x00000176e4dd9da0 JavaThread "parallel-8" daemon [_thread_blocked, id=11684, stack(0x0000000297b00000,0x0000000297c00000)]

Other Threads:
=>0x00000176df1fde40 VMThread "VM Thread" [stack: 0x0000000295f00000,0x0000000296000000] [id=26592]
  0x00000176df57b450 WatcherThread [stack: 0x0000000296a00000,0x0000000296b00000] [id=19484]
  0x00000176d44555c0 GCTaskThread "GC Thread#0" [stack: 0x0000000295a00000,0x0000000295b00000] [id=13840]
  0x00000176df8410a0 GCTaskThread "GC Thread#1" [stack: 0x0000000296c00000,0x0000000296d00000] [id=17492]
  0x00000176df8415b0 GCTaskThread "GC Thread#2" [stack: 0x0000000296d00000,0x0000000296e00000] [id=8832]
  0x00000176df458830 GCTaskThread "GC Thread#3" [stack: 0x0000000296e00000,0x0000000296f00000] [id=25456]
  0x00000176dff0b800 GCTaskThread "GC Thread#4" [stack: 0x0000000297000000,0x0000000297100000] [id=1976]
  0x00000176dff0bac0 GCTaskThread "GC Thread#5" [stack: 0x0000000297100000,0x0000000297200000] [id=6244]
  0x00000176e473beb0 GCTaskThread "GC Thread#6" [stack: 0x0000000297400000,0x0000000297500000] [id=8572]
  0x00000176e473c170 GCTaskThread "GC Thread#7" [stack: 0x0000000297500000,0x0000000297600000] [id=28196]
  0x00000176d445e320 ConcurrentGCThread "G1 Main Marker" [stack: 0x0000000295b00000,0x0000000295c00000] [id=11176]
  0x00000176d445fc60 ConcurrentGCThread "G1 Conc#0" [stack: 0x0000000295c00000,0x0000000295d00000] [id=16948]
  0x00000176e46ecfb0 ConcurrentGCThread "G1 Conc#1" [stack: 0x0000000297600000,0x0000000297700000] [id=27108]
  0x00000176d44b5cb0 ConcurrentGCThread "G1 Refine#0" [stack: 0x0000000295d00000,0x0000000295e00000] [id=12504]
  0x00000176df072710 ConcurrentGCThread "G1 Service" [stack: 0x0000000295e00000,0x0000000295f00000] [id=10584]

Threads with active compile tasks:

VM state: at safepoint (normal execution)

VM Mutex/Monitor currently owned by a thread:  ([mutex/lock_event])
[0x00000176d4407910] Threads_lock - owner thread: 0x00000176df1fde40
[0x00000176d4415780] Heap_lock - owner thread: 0x00000176e4cc4a90

Heap address: 0x00000000c0000000, size: 1024 MB, Compressed Oops mode: 32-bit

CDS archive(s) not mapped
Compressed class space mapped at: 0x0000000100000000-0x0000000140000000, reserved size: 1073741824
Narrow klass base: 0x0000000000000000, Narrow klass shift: 3, Narrow klass range: 0x140000000

GC Precious Log:
 CPUs: 8 total, 8 available
 Memory: 7969M
 Large Page Support: Disabled
 NUMA Support: Disabled
 Compressed Oops: Enabled (32-bit)
 Heap Region Size: 1M
 Heap Min Capacity: 8M
 Heap Initial Capacity: 126M
 Heap Max Capacity: 1G
 Pre-touch: Disabled
 Parallel Workers: 8
 Concurrent Workers: 2
 Concurrent Refinement Workers: 8
 Periodic GC: Disabled

Heap:
 garbage-first heap   total 87040K, used 36774K [0x00000000c0000000, 0x0000000100000000)
  region size 1024K, 1 young (1024K), 0 survivors (0K)
 Metaspace       used 59464K, committed 59968K, reserved 1114112K
  class space    used 7431K, committed 7680K, reserved 1048576K

Heap Regions: E=young(eden), S=young(survivor), O=old, HS=humongous(starts), HC=humongous(continues), CS=collection set, F=free, OA=open archive, CA=closed archive, TAMS=top-at-mark-start (previous, next)
|   0|0x00000000c0000000, 0x00000000c0100000, 0x00000000c0100000|100%|HS|  |TAMS 0x00000000c0100000, 0x00000000c0000000| Untracked 
|   1|0x00000000c0100000, 0x00000000c0200000, 0x00000000c0200000|100%|HC|  |TAMS 0x00000000c0200000, 0x00000000c0100000| Untracked 
|   2|0x00000000c0200000, 0x00000000c0300000, 0x00000000c0300000|100%|HC|  |TAMS 0x00000000c0300000, 0x00000000c0200000| Untracked 
|   3|0x00000000c0300000, 0x00000000c0400000, 0x00000000c0400000|100%|HC|  |TAMS 0x00000000c0400000, 0x00000000c0300000| Untracked 
|   4|0x00000000c0400000, 0x00000000c0500000, 0x00000000c0500000|100%|HS|  |TAMS 0x00000000c0500000, 0x00000000c0400000| Untracked 
|   5|0x00000000c0500000, 0x00000000c0600000, 0x00000000c0600000|100%|HC|  |TAMS 0x00000000c0600000, 0x00000000c0500000| Untracked 
|   6|0x00000000c0600000, 0x00000000c06fffa8, 0x00000000c0700000| 99%| O|  |TAMS 0x00000000c06fffa8, 0x00000000c0600000| Untracked 
|   7|0x00000000c0700000, 0x00000000c07fffa8, 0x00000000c0800000| 99%| O|  |TAMS 0x00000000c07fffa8, 0x00000000c0700000| Untracked 
|   8|0x00000000c0800000, 0x00000000c0900000, 0x00000000c0900000|100%| O|  |TAMS 0x00000000c0900000, 0x00000000c0800000| Untracked 
|   9|0x00000000c0900000, 0x00000000c09fffe8, 0x00000000c0a00000| 99%| O|  |TAMS 0x00000000c09fffe8, 0x00000000c0900000| Untracked 
|  10|0x00000000c0a00000, 0x00000000c0affff0, 0x00000000c0b00000| 99%| O|  |TAMS 0x00000000c0affff0, 0x00000000c0a00000| Untracked 
|  11|0x00000000c0b00000, 0x00000000c0bfffe8, 0x00000000c0c00000| 99%| O|  |TAMS 0x00000000c0bfffe8, 0x00000000c0b00000| Untracked 
|  12|0x00000000c0c00000, 0x00000000c0cfffb0, 0x00000000c0d00000| 99%| O|  |TAMS 0x00000000c0cfffb0, 0x00000000c0c00000| Untracked 
|  13|0x00000000c0d00000, 0x00000000c0dfffc8, 0x00000000c0e00000| 99%| O|  |TAMS 0x00000000c0dfffc8, 0x00000000c0d00000| Untracked 
|  14|0x00000000c0e00000, 0x00000000c0efffc0, 0x00000000c0f00000| 99%| O|  |TAMS 0x00000000c0efffc0, 0x00000000c0e00000| Untracked 
|  15|0x00000000c0f00000, 0x00000000c0fffff8, 0x00000000c1000000| 99%| O|  |TAMS 0x00000000c0fffff8, 0x00000000c0f00000| Untracked 
|  16|0x00000000c1000000, 0x00000000c10ffff8, 0x00000000c1100000| 99%| O|  |TAMS 0x00000000c10ffff8, 0x00000000c1000000| Untracked 
|  17|0x00000000c1100000, 0x00000000c11ffff0, 0x00000000c1200000| 99%| O|  |TAMS 0x00000000c11ffff0, 0x00000000c1100000| Untracked 
|  18|0x00000000c1200000, 0x00000000c12ffff0, 0x00000000c1300000| 99%| O|  |TAMS 0x00000000c12ffff0, 0x00000000c1200000| Untracked 
|  19|0x00000000c1300000, 0x00000000c13ffff0, 0x00000000c1400000| 99%| O|  |TAMS 0x00000000c13ffff0, 0x00000000c1300000| Untracked 
|  20|0x00000000c1400000, 0x00000000c14ffff0, 0x00000000c1500000| 99%| O|  |TAMS 0x00000000c14ffff0, 0x00000000c1400000| Untracked 
|  21|0x00000000c1500000, 0x00000000c1600000, 0x00000000c1600000|100%| O|  |TAMS 0x00000000c1600000, 0x00000000c1500000| Untracked 
|  22|0x00000000c1600000, 0x00000000c1700000, 0x00000000c1700000|100%| O|  |TAMS 0x00000000c1700000, 0x00000000c1600000| Untracked 
|  23|0x00000000c1700000, 0x00000000c17f7918, 0x00000000c1800000| 96%| O|  |TAMS 0x00000000c17f7918, 0x00000000c1700000| Untracked 
|  24|0x00000000c1800000, 0x00000000c18fffe0, 0x00000000c1900000| 99%| O|  |TAMS 0x00000000c18fffe0, 0x00000000c1800000| Untracked 
|  25|0x00000000c1900000, 0x00000000c19ffff8, 0x00000000c1a00000| 99%| O|  |TAMS 0x00000000c19ffff8, 0x00000000c1900000| Untracked 
|  26|0x00000000c1a00000, 0x00000000c1afdc08, 0x00000000c1b00000| 99%| O|  |TAMS 0x00000000c1afdc08, 0x00000000c1a00000| Untracked 
|  27|0x00000000c1b00000, 0x00000000c1c00000, 0x00000000c1c00000|100%|HS|  |TAMS 0x00000000c1c00000, 0x00000000c1b00000| Untracked 
|  28|0x00000000c1c00000, 0x00000000c1d00000, 0x00000000c1d00000|100%| O|  |TAMS 0x00000000c1d00000, 0x00000000c1c00000| Untracked 
|  29|0x00000000c1d00000, 0x00000000c1dfffe8, 0x00000000c1e00000| 99%| O|  |TAMS 0x00000000c1dfffe8, 0x00000000c1d00000| Untracked 
|  30|0x00000000c1e00000, 0x00000000c1f00000, 0x00000000c1f00000|100%| O|  |TAMS 0x00000000c1f00000, 0x00000000c1e00000| Untracked 
|  31|0x00000000c1f00000, 0x00000000c2000000, 0x00000000c2000000|100%| O|  |TAMS 0x00000000c2000000, 0x00000000c1f00000| Untracked 
|  32|0x00000000c2000000, 0x00000000c2100000, 0x00000000c2100000|100%| O|  |TAMS 0x00000000c2100000, 0x00000000c2000000| Untracked 
|  33|0x00000000c2100000, 0x00000000c21ffff8, 0x00000000c2200000| 99%| O|  |TAMS 0x00000000c21ffff8, 0x00000000c2100000| Untracked 
|  34|0x00000000c2200000, 0x00000000c22f45c8, 0x00000000c2300000| 95%| O|  |TAMS 0x00000000c22f45c8, 0x00000000c2200000| Untracked 
|  35|0x00000000c2300000, 0x00000000c23000b8, 0x00000000c2400000|  0%| O|  |TAMS 0x00000000c2300000, 0x00000000c2300000| Untracked 
|  36|0x00000000c2400000, 0x00000000c2400000, 0x00000000c2500000|  0%| F|  |TAMS 0x00000000c2400000, 0x00000000c2400000| Untracked 
|  37|0x00000000c2500000, 0x00000000c2500000, 0x00000000c2600000|  0%| F|  |TAMS 0x00000000c2500000, 0x00000000c2500000| Untracked 
|  38|0x00000000c2600000, 0x00000000c2700000, 0x00000000c2700000|100%| O|  |TAMS 0x00000000c2700000, 0x00000000c2600000| Untracked 
|  39|0x00000000c2700000, 0x00000000c2700000, 0x00000000c2800000|  0%| F|  |TAMS 0x00000000c2700000, 0x00000000c2700000| Untracked 
|  40|0x00000000c2800000, 0x00000000c2800000, 0x00000000c2900000|  0%| F|  |TAMS 0x00000000c2800000, 0x00000000c2800000| Untracked 
|  41|0x00000000c2900000, 0x00000000c2900000, 0x00000000c2a00000|  0%| F|  |TAMS 0x00000000c2900000, 0x00000000c2900000| Untracked 
|  42|0x00000000c2a00000, 0x00000000c2a00000, 0x00000000c2b00000|  0%| F|  |TAMS 0x00000000c2a00000, 0x00000000c2a00000| Untracked 
|  43|0x00000000c2b00000, 0x00000000c2b00000, 0x00000000c2c00000|  0%| F|  |TAMS 0x00000000c2b00000, 0x00000000c2b00000| Untracked 
|  44|0x00000000c2c00000, 0x00000000c2c00000, 0x00000000c2d00000|  0%| F|  |TAMS 0x00000000c2c00000, 0x00000000c2c00000| Untracked 
|  45|0x00000000c2d00000, 0x00000000c2d00000, 0x00000000c2e00000|  0%| F|  |TAMS 0x00000000c2d00000, 0x00000000c2d00000| Untracked 
|  46|0x00000000c2e00000, 0x00000000c2e00000, 0x00000000c2f00000|  0%| F|  |TAMS 0x00000000c2e00000, 0x00000000c2e00000| Untracked 
|  47|0x00000000c2f00000, 0x00000000c2f00000, 0x00000000c3000000|  0%| F|  |TAMS 0x00000000c2f00000, 0x00000000c2f00000| Untracked 
|  48|0x00000000c3000000, 0x00000000c3000000, 0x00000000c3100000|  0%| F|  |TAMS 0x00000000c3000000, 0x00000000c3000000| Untracked 
|  49|0x00000000c3100000, 0x00000000c3100000, 0x00000000c3200000|  0%| F|  |TAMS 0x00000000c3100000, 0x00000000c3100000| Untracked 
|  50|0x00000000c3200000, 0x00000000c3200000, 0x00000000c3300000|  0%| F|  |TAMS 0x00000000c3200000, 0x00000000c3200000| Untracked 
|  51|0x00000000c3300000, 0x00000000c3300000, 0x00000000c3400000|  0%| F|  |TAMS 0x00000000c3300000, 0x00000000c3300000| Untracked 
|  52|0x00000000c3400000, 0x00000000c3400000, 0x00000000c3500000|  0%| F|  |TAMS 0x00000000c3400000, 0x00000000c3400000| Untracked 
|  53|0x00000000c3500000, 0x00000000c3500000, 0x00000000c3600000|  0%| F|  |TAMS 0x00000000c3500000, 0x00000000c3500000| Untracked 
|  54|0x00000000c3600000, 0x00000000c3600000, 0x00000000c3700000|  0%| F|  |TAMS 0x00000000c3600000, 0x00000000c3600000| Untracked 
|  55|0x00000000c3700000, 0x00000000c3700000, 0x00000000c3800000|  0%| F|  |TAMS 0x00000000c3700000, 0x00000000c3700000| Untracked 
|  56|0x00000000c3800000, 0x00000000c3800000, 0x00000000c3900000|  0%| F|  |TAMS 0x00000000c3800000, 0x00000000c3800000| Untracked 
|  57|0x00000000c3900000, 0x00000000c3900000, 0x00000000c3a00000|  0%| F|  |TAMS 0x00000000c3900000, 0x00000000c3900000| Untracked 
|  58|0x00000000c3a00000, 0x00000000c3a00000, 0x00000000c3b00000|  0%| F|  |TAMS 0x00000000c3a00000, 0x00000000c3a00000| Untracked 
|  59|0x00000000c3b00000, 0x00000000c3b00000, 0x00000000c3c00000|  0%| F|  |TAMS 0x00000000c3b00000, 0x00000000c3b00000| Untracked 
|  60|0x00000000c3c00000, 0x00000000c3c00000, 0x00000000c3d00000|  0%| F|  |TAMS 0x00000000c3c00000, 0x00000000c3c00000| Untracked 
|  61|0x00000000c3d00000, 0x00000000c3d00000, 0x00000000c3e00000|  0%| F|  |TAMS 0x00000000c3d00000, 0x00000000c3d00000| Untracked 
|  62|0x00000000c3e00000, 0x00000000c3e00000, 0x00000000c3f00000|  0%| F|  |TAMS 0x00000000c3e00000, 0x00000000c3e00000| Untracked 
|  63|0x00000000c3f00000, 0x00000000c3f00000, 0x00000000c4000000|  0%| F|  |TAMS 0x00000000c3f00000, 0x00000000c3f00000| Untracked 
|  64|0x00000000c4000000, 0x00000000c4000000, 0x00000000c4100000|  0%| F|  |TAMS 0x00000000c4000000, 0x00000000c4000000| Untracked 
|  65|0x00000000c4100000, 0x00000000c4100000, 0x00000000c4200000|  0%| F|  |TAMS 0x00000000c4100000, 0x00000000c4100000| Untracked 
|  66|0x00000000c4200000, 0x00000000c4200000, 0x00000000c4300000|  0%| F|  |TAMS 0x00000000c4200000, 0x00000000c4200000| Untracked 
|  67|0x00000000c4300000, 0x00000000c4300000, 0x00000000c4400000|  0%| F|  |TAMS 0x00000000c4300000, 0x00000000c4300000| Untracked 
|  68|0x00000000c4400000, 0x00000000c4400000, 0x00000000c4500000|  0%| F|  |TAMS 0x00000000c4400000, 0x00000000c4400000| Untracked 
|  69|0x00000000c4500000, 0x00000000c4500000, 0x00000000c4600000|  0%| F|  |TAMS 0x00000000c4500000, 0x00000000c4500000| Untracked 
|  70|0x00000000c4600000, 0x00000000c4600000, 0x00000000c4700000|  0%| F|  |TAMS 0x00000000c4600000, 0x00000000c4600000| Untracked 
|  71|0x00000000c4700000, 0x00000000c4700000, 0x00000000c4800000|  0%| F|  |TAMS 0x00000000c4700000, 0x00000000c4700000| Untracked 
|  72|0x00000000c4800000, 0x00000000c4800000, 0x00000000c4900000|  0%| F|  |TAMS 0x00000000c4800000, 0x00000000c4800000| Untracked 
|  73|0x00000000c4900000, 0x00000000c4900000, 0x00000000c4a00000|  0%| F|  |TAMS 0x00000000c4900000, 0x00000000c4900000| Untracked 
|  74|0x00000000c4a00000, 0x00000000c4a00000, 0x00000000c4b00000|  0%| F|  |TAMS 0x00000000c4a00000, 0x00000000c4a00000| Untracked 
|  75|0x00000000c4b00000, 0x00000000c4b00000, 0x00000000c4c00000|  0%| F|  |TAMS 0x00000000c4b00000, 0x00000000c4b00000| Untracked 
|  76|0x00000000c4c00000, 0x00000000c4c00000, 0x00000000c4d00000|  0%| F|  |TAMS 0x00000000c4c00000, 0x00000000c4c00000| Untracked 
|  77|0x00000000c4d00000, 0x00000000c4d00000, 0x00000000c4e00000|  0%| F|  |TAMS 0x00000000c4d00000, 0x00000000c4d00000| Untracked 
|  88|0x00000000c5800000, 0x00000000c5800000, 0x00000000c5900000|  0%| F|  |TAMS 0x00000000c5800000, 0x00000000c5800000| Untracked 
|  89|0x00000000c5900000, 0x00000000c5900000, 0x00000000c5a00000|  0%| F|  |TAMS 0x00000000c5900000, 0x00000000c5900000| Untracked 
|  90|0x00000000c5a00000, 0x00000000c5a00000, 0x00000000c5b00000|  0%| F|  |TAMS 0x00000000c5a00000, 0x00000000c5a00000| Untracked 
|  91|0x00000000c5b00000, 0x00000000c5b00000, 0x00000000c5c00000|  0%| F|  |TAMS 0x00000000c5b00000, 0x00000000c5b00000| Untracked 
|  92|0x00000000c5c00000, 0x00000000c5c00000, 0x00000000c5d00000|  0%| F|  |TAMS 0x00000000c5c00000, 0x00000000c5c00000| Untracked 
| 124|0x00000000c7c00000, 0x00000000c7c00000, 0x00000000c7d00000|  0%| F|  |TAMS 0x00000000c7c00000, 0x00000000c7c00000| Untracked 
| 125|0x00000000c7d00000, 0x00000000c7d06410, 0x00000000c7e00000|  2%| E|  |TAMS 0x00000000c7d00000, 0x00000000c7d00000| Complete 

Card table byte_map: [0x00000176da3b0000,0x00000176da5b0000] _byte_map_base: 0x00000176d9db0000

Marking Bits (Prev, Next): (CMBitMap*) 0x00000176d4455a30, (CMBitMap*) 0x00000176d44559f0
 Prev Bits: [0x00000176db7b0000, 0x00000176dc7b0000)
 Next Bits: [0x00000176da7b0000, 0x00000176db7b0000)

Polling page: 0x00000176d2200000

Metaspace:

Usage:
  Non-class:     50.81 MB used.
      Class:      7.26 MB used.
       Both:     58.07 MB used.

Virtual space:
  Non-class space:       64.00 MB reserved,      51.06 MB ( 80%) committed,  1 nodes.
      Class space:        1.00 GB reserved,       7.50 MB ( <1%) committed,  1 nodes.
             Both:        1.06 GB reserved,      58.56 MB (  5%) committed. 

Chunk freelists:
   Non-Class:  12.63 MB
       Class:  8.48 MB
        Both:  21.11 MB

MaxMetaspaceSize: unlimited
CompressedClassSpaceSize: 1.00 GB
Initial GC threshold: 21.00 MB
Current GC threshold: 97.62 MB
CDS: off
MetaspaceReclaimPolicy: balanced
 - commit_granule_bytes: 65536.
 - commit_granule_words: 8192.
 - virtual_space_node_default_size: 8388608.
 - enlarge_chunks_in_place: 1.
 - new_chunks_are_fully_committed: 0.
 - uncommit_free_chunks: 1.
 - use_allocation_guard: 0.
 - handle_deallocations: 1.


Internal statistics:

num_allocs_failed_limit: 6.
num_arena_births: 834.
num_arena_deaths: 348.
num_vsnodes_births: 2.
num_vsnodes_deaths: 0.
num_space_committed: 937.
num_space_uncommitted: 0.
num_chunks_returned_to_freelist: 429.
num_chunks_taken_from_freelist: 2892.
num_chunk_merges: 146.
num_chunk_splits: 1856.
num_chunks_enlarged: 1360.
num_inconsistent_stats: 0.

CodeCache: size=49152Kb used=14326Kb max_used=15448Kb free=34825Kb
 bounds [0x00000176d70a0000, 0x00000176d8000000, 0x00000176da0a0000]
 total_blobs=8281 nmethods=7608 adapters=599
 compilation: enabled
              stopped_count=0, restarted_count=0
 full_count=0

Compilation events (20 events):
Event: 56348.907 Thread 0x00000176e5e06f10 nmethod 7599 0x00000176d7e7dd10 code [0x00000176d7e7dee0, 0x00000176d7e7e088]
Event: 56348.907 Thread 0x00000176e5e06f10 7602       1       org.eclipse.lsp4j.adapters.SymbolInformationTypeAdapter::writeDeprecated (7 bytes)
Event: 56348.908 Thread 0x00000176e5e069c0 7601       1       org.eclipse.lsp4j.adapters.SymbolInformationTypeAdapter::writeName (7 bytes)
Event: 56348.908 Thread 0x00000176e5e069c0 nmethod 7601 0x00000176d7e7da10 code [0x00000176d7e7dba0, 0x00000176d7e7dc88]
Event: 56348.908 Thread 0x00000176e5e069c0 7603       1       org.eclipse.lsp4j.adapters.SymbolInformationTypeAdapter::writeContainerName (7 bytes)
Event: 56348.908 Thread 0x00000176e5e069c0 nmethod 7603 0x00000176d7e7d710 code [0x00000176d7e7d8a0, 0x00000176d7e7d988]
Event: 56348.909 Thread 0x00000176e5e06f10 nmethod 7602 0x00000176d7e7d410 code [0x00000176d7e7d5a0, 0x00000176d7e7d688]
Event: 56348.919 Thread 0x00000176df36b220 nmethod 7600 0x00000176d7e7ca90 code [0x00000176d7e7cd00, 0x00000176d7e7d108]
Event: 56349.003 Thread 0x00000176e5e06f10 7604       1       org.springframework.ide.vscode.commons.util.text.TextDocument::getId (21 bytes)
Event: 56349.004 Thread 0x00000176e5e06f10 nmethod 7604 0x00000176d7e7c610 code [0x00000176d7e7c7c0, 0x00000176d7e7c9c8]
Event: 56349.006 Thread 0x00000176e5e06f10 7605       1       org.eclipse.jdt.internal.compiler.lookup.TypeBinding::debugName (26 bytes)
Event: 56349.008 Thread 0x00000176e5e06f10 nmethod 7605 0x00000176d7e7c110 code [0x00000176d7e7c2e0, 0x00000176d7e7c4e8]
Event: 56355.969 Thread 0x00000176e5e069c0 7606       1       com.google.common.cache.LocalCache$Segment::recordRead (29 bytes)
Event: 56355.969 Thread 0x00000176df36b220 7607       1       java.util.UUID::<init> (109 bytes)
Event: 56355.970 Thread 0x00000176df36b220 nmethod 7607 0x00000176d7e7bc90 code [0x00000176d7e7be20, 0x00000176d7e7bfb8]
Event: 56355.973 Thread 0x00000176e5e069c0 nmethod 7606 0x00000176d7e7b890 code [0x00000176d7e7ba40, 0x00000176d7e7bbb8]
Event: 56356.013 Thread 0x00000176e5e069c0 7608       1       org.eclipse.jdt.internal.core.dom.NaiveASTFlattener::visit (14 bytes)
Event: 56356.015 Thread 0x00000176e5e069c0 nmethod 7608 0x00000176d7e7b390 code [0x00000176d7e7b540, 0x00000176d7e7b748]
Event: 56358.101 Thread 0x00000176df36b220 7609       1       org.eclipse.lsp4j.CodeActionParams::getRange (5 bytes)
Event: 56358.102 Thread 0x00000176df36b220 nmethod 7609 0x00000176d7e7b090 code [0x00000176d7e7b220, 0x00000176d7e7b2f8]

GC Heap History (20 events):
Event: 74159.691 GC heap before
{Heap before GC invocations=1394 (full 1373):
 garbage-first heap   total 87040K, used 36774K [0x00000000c0000000, 0x0000000100000000)
  region size 1024K, 1 young (1024K), 0 survivors (0K)
 Metaspace       used 59464K, committed 59968K, reserved 1114112K
  class space    used 7431K, committed 7680K, reserved 1048576K
}
Event: 74159.739 GC heap after
{Heap after GC invocations=1395 (full 1374):
 garbage-first heap   total 87040K, used 36774K [0x00000000c0000000, 0x0000000100000000)
  region size 1024K, 0 young (0K), 0 survivors (0K)
 Metaspace       used 59464K, committed 59968K, reserved 1114112K
  class space    used 7431K, committed 7680K, reserved 1048576K
}
Event: 74169.784 GC heap before
{Heap before GC invocations=1395 (full 1374):
 garbage-first heap   total 87040K, used 36774K [0x00000000c0000000, 0x0000000100000000)
  region size 1024K, 1 young (1024K), 0 survivors (0K)
 Metaspace       used 59464K, committed 59968K, reserved 1114112K
  class space    used 7431K, committed 7680K, reserved 1048576K
}
Event: 74169.839 GC heap after
{Heap after GC invocations=1396 (full 1375):
 garbage-first heap   total 87040K, used 36774K [0x00000000c0000000, 0x0000000100000000)
  region size 1024K, 0 young (0K), 0 survivors (0K)
 Metaspace       used 59464K, committed 59968K, reserved 1114112K
  class space    used 7431K, committed 7680K, reserved 1048576K
}
Event: 74179.882 GC heap before
{Heap before GC invocations=1396 (full 1375):
 garbage-first heap   total 87040K, used 36774K [0x00000000c0000000, 0x0000000100000000)
  region size 1024K, 1 young (1024K), 0 survivors (0K)
 Metaspace       used 59464K, committed 59968K, reserved 1114112K
  class space    used 7431K, committed 7680K, reserved 1048576K
}
Event: 74179.942 GC heap after
{Heap after GC invocations=1397 (full 1376):
 garbage-first heap   total 87040K, used 36774K [0x00000000c0000000, 0x0000000100000000)
  region size 1024K, 0 young (0K), 0 survivors (0K)
 Metaspace       used 59464K, committed 59968K, reserved 1114112K
  class space    used 7431K, committed 7680K, reserved 1048576K
}
Event: 74189.987 GC heap before
{Heap before GC invocations=1397 (full 1376):
 garbage-first heap   total 87040K, used 36774K [0x00000000c0000000, 0x0000000100000000)
  region size 1024K, 1 young (1024K), 0 survivors (0K)
 Metaspace       used 59464K, committed 59968K, reserved 1114112K
  class space    used 7431K, committed 7680K, reserved 1048576K
}
Event: 74190.039 GC heap after
{Heap after GC invocations=1398 (full 1377):
 garbage-first heap   total 87040K, used 36774K [0x00000000c0000000, 0x0000000100000000)
  region size 1024K, 0 young (0K), 0 survivors (0K)
 Metaspace       used 59464K, committed 59968K, reserved 1114112K
  class space    used 7431K, committed 7680K, reserved 1048576K
}
Event: 74200.078 GC heap before
{Heap before GC invocations=1398 (full 1377):
 garbage-first heap   total 87040K, used 36774K [0x00000000c0000000, 0x0000000100000000)
  region size 1024K, 1 young (1024K), 0 survivors (0K)
 Metaspace       used 59464K, committed 59968K, reserved 1114112K
  class space    used 7431K, committed 7680K, reserved 1048576K
}
Event: 74200.127 GC heap after
{Heap after GC invocations=1399 (full 1378):
 garbage-first heap   total 87040K, used 36774K [0x00000000c0000000, 0x0000000100000000)
  region size 1024K, 0 young (0K), 0 survivors (0K)
 Metaspace       used 59464K, committed 59968K, reserved 1114112K
  class space    used 7431K, committed 7680K, reserved 1048576K
}
Event: 74210.177 GC heap before
{Heap before GC invocations=1399 (full 1378):
 garbage-first heap   total 87040K, used 36774K [0x00000000c0000000, 0x0000000100000000)
  region size 1024K, 1 young (1024K), 0 survivors (0K)
 Metaspace       used 59464K, committed 59968K, reserved 1114112K
  class space    used 7431K, committed 7680K, reserved 1048576K
}
Event: 74210.234 GC heap after
{Heap after GC invocations=1400 (full 1379):
 garbage-first heap   total 87040K, used 36774K [0x00000000c0000000, 0x0000000100000000)
  region size 1024K, 0 young (0K), 0 survivors (0K)
 Metaspace       used 59464K, committed 59968K, reserved 1114112K
  class space    used 7431K, committed 7680K, reserved 1048576K
}
Event: 74220.289 GC heap before
{Heap before GC invocations=1400 (full 1379):
 garbage-first heap   total 87040K, used 36774K [0x00000000c0000000, 0x0000000100000000)
  region size 1024K, 1 young (1024K), 0 survivors (0K)
 Metaspace       used 59464K, committed 59968K, reserved 1114112K
  class space    used 7431K, committed 7680K, reserved 1048576K
}
Event: 74220.351 GC heap after
{Heap after GC invocations=1401 (full 1380):
 garbage-first heap   total 87040K, used 36774K [0x00000000c0000000, 0x0000000100000000)
  region size 1024K, 0 young (0K), 0 survivors (0K)
 Metaspace       used 59464K, committed 59968K, reserved 1114112K
  class space    used 7431K, committed 7680K, reserved 1048576K
}
Event: 74230.423 GC heap before
{Heap before GC invocations=1401 (full 1380):
 garbage-first heap   total 87040K, used 36774K [0x00000000c0000000, 0x0000000100000000)
  region size 1024K, 1 young (1024K), 0 survivors (0K)
 Metaspace       used 59464K, committed 59968K, reserved 1114112K
  class space    used 7431K, committed 7680K, reserved 1048576K
}
Event: 74230.488 GC heap after
{Heap after GC invocations=1402 (full 1381):
 garbage-first heap   total 87040K, used 36774K [0x00000000c0000000, 0x0000000100000000)
  region size 1024K, 0 young (0K), 0 survivors (0K)
 Metaspace       used 59464K, committed 59968K, reserved 1114112K
  class space    used 7431K, committed 7680K, reserved 1048576K
}
Event: 74240.560 GC heap before
{Heap before GC invocations=1402 (full 1381):
 garbage-first heap   total 87040K, used 36774K [0x00000000c0000000, 0x0000000100000000)
  region size 1024K, 1 young (1024K), 0 survivors (0K)
 Metaspace       used 59464K, committed 59968K, reserved 1114112K
  class space    used 7431K, committed 7680K, reserved 1048576K
}
Event: 74240.627 GC heap after
{Heap after GC invocations=1403 (full 1382):
 garbage-first heap   total 87040K, used 36774K [0x00000000c0000000, 0x0000000100000000)
  region size 1024K, 0 young (0K), 0 survivors (0K)
 Metaspace       used 59464K, committed 59968K, reserved 1114112K
  class space    used 7431K, committed 7680K, reserved 1048576K
}
Event: 74250.670 GC heap before
{Heap before GC invocations=1403 (full 1382):
 garbage-first heap   total 87040K, used 36774K [0x00000000c0000000, 0x0000000100000000)
  region size 1024K, 1 young (1024K), 0 survivors (0K)
 Metaspace       used 59464K, committed 59968K, reserved 1114112K
  class space    used 7431K, committed 7680K, reserved 1048576K
}
Event: 74250.744 GC heap after
{Heap after GC invocations=1404 (full 1383):
 garbage-first heap   total 87040K, used 36774K [0x00000000c0000000, 0x0000000100000000)
  region size 1024K, 0 young (0K), 0 survivors (0K)
 Metaspace       used 59464K, committed 59968K, reserved 1114112K
  class space    used 7431K, committed 7680K, reserved 1048576K
}

Dll operation events (10 events):
Event: 0.083 Loaded shared library c:\Users\Cliente\.vscode\extensions\redhat.java-1.28.1-win32-x64\jre\17.0.10-win32-x86_64\bin\java.dll
Event: 1.373 Loaded shared library C:\Users\Cliente\.vscode\extensions\redhat.java-1.28.1-win32-x64\jre\17.0.10-win32-x86_64\bin\net.dll
Event: 1.377 Loaded shared library C:\Users\Cliente\.vscode\extensions\redhat.java-1.28.1-win32-x64\jre\17.0.10-win32-x86_64\bin\nio.dll
Event: 2.170 Loaded shared library C:\Users\Cliente\.vscode\extensions\redhat.java-1.28.1-win32-x64\jre\17.0.10-win32-x86_64\bin\zip.dll
Event: 19.784 Loaded shared library C:\Users\Cliente\.vscode\extensions\redhat.java-1.28.1-win32-x64\jre\17.0.10-win32-x86_64\bin\jimage.dll
Event: 23.480 Loaded shared library c:\Users\Cliente\.vscode\extensions\redhat.java-1.28.1-win32-x64\jre\17.0.10-win32-x86_64\bin\verify.dll
Event: 38.108 Loaded shared library C:\Users\Cliente\.vscode\extensions\redhat.java-1.28.1-win32-x64\jre\17.0.10-win32-x86_64\bin\management.dll
Event: 38.118 Loaded shared library C:\Users\Cliente\.vscode\extensions\redhat.java-1.28.1-win32-x64\jre\17.0.10-win32-x86_64\bin\management_ext.dll
Event: 40.547 Loaded shared library C:\Users\Cliente\.vscode\extensions\redhat.java-1.28.1-win32-x64\jre\17.0.10-win32-x86_64\bin\sunmscapi.dll
Event: 41.382 Loaded shared library C:\Users\Cliente\.vscode\extensions\redhat.java-1.28.1-win32-x64\jre\17.0.10-win32-x86_64\bin\extnet.dll

Deoptimization events (20 events):
Event: 40.733 Thread 0x00000176e4dd4790 DEOPT PACKING pc=0x00000176d720ea0c sp=0x0000000298bfae60
Event: 40.733 Thread 0x00000176e4dd4790 DEOPT UNPACKING pc=0x00000176d70face3 sp=0x0000000298bfa328 mode 0
Event: 42.580 Thread 0x00000176e4dd56c0 DEOPT PACKING pc=0x00000176d77defa4 sp=0x00000002985ff010
Event: 42.580 Thread 0x00000176e4dd56c0 DEOPT UNPACKING pc=0x00000176d70face3 sp=0x00000002985fe4f8 mode 0
Event: 42.582 Thread 0x00000176e4dd65f0 DEOPT PACKING pc=0x00000176d77defa4 sp=0x00000002981fefb0
Event: 42.582 Thread 0x00000176e4dd65f0 DEOPT UNPACKING pc=0x00000176d70face3 sp=0x00000002981fe498 mode 0
Event: 154.846 Thread 0x00000176e4998330 DEOPT PACKING pc=0x00000176d75b2754 sp=0x00000002973feba0
Event: 154.846 Thread 0x00000176e4998330 DEOPT UNPACKING pc=0x00000176d70face3 sp=0x00000002973fe048 mode 0
Event: 399.876 Thread 0x00000176e4d63410 DEOPT PACKING pc=0x00000176d78d378c sp=0x0000000297efe6e0
Event: 399.876 Thread 0x00000176e4d63410 DEOPT UNPACKING pc=0x00000176d70face3 sp=0x0000000297efdc48 mode 0
Event: 399.876 Thread 0x00000176e4d63410 DEOPT PACKING pc=0x00000176d78dc84c sp=0x0000000297efe810
Event: 399.876 Thread 0x00000176e4d63410 DEOPT UNPACKING pc=0x00000176d70face3 sp=0x0000000297efdcf0 mode 0
Event: 399.876 Thread 0x00000176e4d63410 DEOPT PACKING pc=0x00000176d78d378c sp=0x0000000297efe940
Event: 399.876 Thread 0x00000176e4d63410 DEOPT UNPACKING pc=0x00000176d70face3 sp=0x0000000297efdea8 mode 0
Event: 399.876 Thread 0x00000176e4d63410 DEOPT PACKING pc=0x00000176d78dc84c sp=0x0000000297efea70
Event: 399.876 Thread 0x00000176e4d63410 DEOPT UNPACKING pc=0x00000176d70face3 sp=0x0000000297efdf68 mode 0
Event: 399.883 Thread 0x00000176e4d63410 DEOPT PACKING pc=0x00000176d78d378c sp=0x0000000297efede0
Event: 399.883 Thread 0x00000176e4d63410 DEOPT UNPACKING pc=0x00000176d70face3 sp=0x0000000297efe348 mode 0
Event: 399.883 Thread 0x00000176e4d63410 DEOPT PACKING pc=0x00000176d78dc84c sp=0x0000000297efef10
Event: 399.883 Thread 0x00000176e4d63410 DEOPT UNPACKING pc=0x00000176d70face3 sp=0x0000000297efe408 mode 0

Classes unloaded (20 events):
Event: 369.811 Thread 0x00000176df1fde40 Unloading class 0x000000010008bc00 'java/lang/invoke/LambdaForm$MH+0x000000010008bc00'
Event: 369.811 Thread 0x00000176df1fde40 Unloading class 0x0000000100480400 'java/lang/invoke/LambdaForm$MH+0x0000000100480400'
Event: 369.811 Thread 0x00000176df1fde40 Unloading class 0x000000010042c400 'java/lang/invoke/LambdaForm$MH+0x000000010042c400'
Event: 369.811 Thread 0x00000176df1fde40 Unloading class 0x0000000100088400 'java/lang/invoke/LambdaForm$MH+0x0000000100088400'
Event: 369.811 Thread 0x00000176df1fde40 Unloading class 0x000000010042e000 'java/lang/invoke/LambdaForm$MH+0x000000010042e000'
Event: 369.811 Thread 0x00000176df1fde40 Unloading class 0x0000000100408800 'java/lang/invoke/LambdaForm$MH+0x0000000100408800'
Event: 550.184 Thread 0x00000176df1fde40 Unloading class 0x0000000100783400 'java/lang/invoke/LambdaForm$MH+0x0000000100783400'
Event: 550.184 Thread 0x00000176df1fde40 Unloading class 0x0000000100783000 'java/lang/invoke/LambdaForm$MH+0x0000000100783000'
Event: 550.184 Thread 0x00000176df1fde40 Unloading class 0x0000000100782c00 'java/lang/invoke/LambdaForm$MH+0x0000000100782c00'
Event: 550.184 Thread 0x00000176df1fde40 Unloading class 0x0000000100782800 'jdk/internal/reflect/GeneratedMethodAccessor21'
Event: 550.184 Thread 0x00000176df1fde40 Unloading class 0x0000000100782400 'jdk/internal/reflect/GeneratedConstructorAccessor49'
Event: 550.184 Thread 0x00000176df1fde40 Unloading class 0x0000000100782000 'jdk/internal/reflect/GeneratedMethodAccessor20'
Event: 550.184 Thread 0x00000176df1fde40 Unloading class 0x0000000100781c00 'jdk/internal/reflect/GeneratedConstructorAccessor48'
Event: 550.184 Thread 0x00000176df1fde40 Unloading class 0x0000000100781800 'jdk/internal/reflect/GeneratedMethodAccessor19'
Event: 550.184 Thread 0x00000176df1fde40 Unloading class 0x0000000100781400 'jdk/internal/reflect/GeneratedMethodAccessor18'
Event: 550.184 Thread 0x00000176df1fde40 Unloading class 0x0000000100781000 'jdk/internal/reflect/GeneratedMethodAccessor17'
Event: 550.184 Thread 0x00000176df1fde40 Unloading class 0x0000000100780000 'java/lang/invoke/LambdaForm$MH+0x0000000100780000'
Event: 550.184 Thread 0x00000176df1fde40 Unloading class 0x000000010077ec00 'java/lang/invoke/LambdaForm$MH+0x000000010077ec00'
Event: 550.184 Thread 0x00000176df1fde40 Unloading class 0x000000010077e800 'java/lang/invoke/LambdaForm$MH+0x000000010077e800'
Event: 550.184 Thread 0x00000176df1fde40 Unloading class 0x000000010077e400 'java/lang/invoke/LambdaForm$MH+0x000000010077e400'

Classes redefined (0 events):
No events

Internal exceptions (20 events):
Event: 327.417 Thread 0x00000176e4dd65f0 Exception <a 'java/lang/ArrayIndexOutOfBoundsException'{0x00000000c4af8b00}: Index 2 out of bounds for length 2> (0x00000000c4af8b00) 
thrown [s\src\hotspot\share\interpreter\interpreterRuntime.cpp, line 428]
Event: 327.639 Thread 0x00000176e4dd4ca0 Exception <a 'java/lang/ArrayIndexOutOfBoundsException'{0x00000000c47ecc88}: Index 2 out of bounds for length 2> (0x00000000c47ecc88) 
thrown [s\src\hotspot\share\interpreter\interpreterRuntime.cpp, line 428]
Event: 329.739 Thread 0x00000176e4dd4ca0 Exception <a 'java/lang/NoSuchMethodError'{0x00000000c4375420}: 'java.lang.Object java.lang.invoke.DirectMethodHandle$Holder.newInvokeSpecial(java.lang.Object, java.lang.Object, int, java.lang.Object)'> (0x00000000c4375420) 
thrown [s\src\hotspot\share\interpreter\linkResolver.cpp, line 759]
Event: 329.739 Thread 0x00000176e4dd4ca0 Exception <a 'java/lang/NoSuchMethodError'{0x00000000c4378d40}: 'java.lang.Object java.lang.invoke.Invokers$Holder.linkToTargetMethod(java.lang.Object, int, java.lang.Object, java.lang.Object)'> (0x00000000c4378d40) 
thrown [s\src\hotspot\share\interpreter\linkResolver.cpp, line 759]
Event: 330.099 Thread 0x00000176e4dd4ca0 Exception <a 'java/lang/ArrayIndexOutOfBoundsException'{0x00000000c391f030}: Index 2 out of bounds for length 2> (0x00000000c391f030) 
thrown [s\src\hotspot\share\interpreter\interpreterRuntime.cpp, line 428]
Event: 330.256 Thread 0x00000176e4dd4ca0 Exception <a 'java/lang/ArrayIndexOutOfBoundsException'{0x00000000c7d443f8}> (0x00000000c7d443f8) 
thrown [s\src\hotspot\share\runtime\sharedRuntime.cpp, line 631]
Event: 342.317 Thread 0x00000176e4dd9380 Exception <a 'java/io/IOException'{0x00000000c5c76bc0}> (0x00000000c5c76bc0) 
thrown [s\src\hotspot\share\prims\jni.cpp, line 516]
Event: 342.751 Thread 0x00000176e4dd7010 Exception <a 'java/io/IOException'{0x00000000c5c83a50}> (0x00000000c5c83a50) 
thrown [s\src\hotspot\share\prims\jni.cpp, line 516]
Event: 343.407 Thread 0x00000176e4dd9890 Exception <a 'java/io/IOException'{0x00000000c5c892e8}> (0x00000000c5c892e8) 
thrown [s\src\hotspot\share\prims\jni.cpp, line 516]
Event: 382.739 Thread 0x00000176e4dd4ca0 Exception <a 'java/lang/ArrayIndexOutOfBoundsException'{0x00000000c4a4acd0}> (0x00000000c4a4acd0) 
thrown [s\src\hotspot\share\runtime\sharedRuntime.cpp, line 631]
Event: 382.924 Thread 0x00000176e4dd4ca0 Exception <a 'java/lang/ArrayIndexOutOfBoundsException'{0x00000000c488da78}> (0x00000000c488da78) 
thrown [s\src\hotspot\share\runtime\sharedRuntime.cpp, line 631]
Event: 384.692 Thread 0x00000176e4dd4ca0 Exception <a 'java/lang/ArrayIndexOutOfBoundsException'{0x00000000c3fb55f0}> (0x00000000c3fb55f0) 
thrown [s\src\hotspot\share\runtime\sharedRuntime.cpp, line 631]
Event: 384.849 Thread 0x00000176e4dd4ca0 Exception <a 'java/lang/ArrayIndexOutOfBoundsException'{0x00000000c3dece50}> (0x00000000c3dece50) 
thrown [s\src\hotspot\share\runtime\sharedRuntime.cpp, line 631]
Event: 385.381 Thread 0x00000176e4dd4ca0 Exception <a 'java/lang/ArrayIndexOutOfBoundsException'{0x00000000c7cf5a60}> (0x00000000c7cf5a60) 
thrown [s\src\hotspot\share\runtime\sharedRuntime.cpp, line 631]
Event: 386.355 Thread 0x00000176e4dd4ca0 Exception <a 'java/lang/ArrayIndexOutOfBoundsException'{0x00000000c43b9cf8}> (0x00000000c43b9cf8) 
thrown [s\src\hotspot\share\runtime\sharedRuntime.cpp, line 631]
Event: 386.515 Thread 0x00000176e4dd4ca0 Exception <a 'java/lang/ArrayIndexOutOfBoundsException'{0x00000000c41e70d8}> (0x00000000c41e70d8) 
thrown [s\src\hotspot\share\runtime\sharedRuntime.cpp, line 631]
Event: 459.978 Thread 0x00000176e4dd9380 Exception <a 'java/lang/ArrayIndexOutOfBoundsException'{0x00000000c3ca0320}> (0x00000000c3ca0320) 
thrown [s\src\hotspot\share\runtime\sharedRuntime.cpp, line 631]
Event: 498.793 Thread 0x00000176e4dd9380 Exception <a 'java/lang/ArrayIndexOutOfBoundsException'{0x00000000c4706a90}> (0x00000000c4706a90) 
thrown [s\src\hotspot\share\runtime\sharedRuntime.cpp, line 631]
Event: 498.966 Thread 0x00000176e4dd9380 Exception <a 'java/lang/ArrayIndexOutOfBoundsException'{0x00000000c452dba0}> (0x00000000c452dba0) 
thrown [s\src\hotspot\share\runtime\sharedRuntime.cpp, line 631]
Event: 56348.897 Thread 0x00000176e4dd4790 Exception <a 'java/lang/ArrayIndexOutOfBoundsException'{0x00000000c488a930}> (0x00000000c488a930) 
thrown [s\src\hotspot\share\runtime\sharedRuntime.cpp, line 631]

VM Operations (20 events):
Event: 74159.739 Executing VM operation: G1CollectFull done
Event: 74169.784 Executing VM operation: G1CollectFull
Event: 74169.839 Executing VM operation: G1CollectFull done
Event: 74179.882 Executing VM operation: G1CollectFull
Event: 74179.942 Executing VM operation: G1CollectFull done
Event: 74189.987 Executing VM operation: G1CollectFull
Event: 74190.039 Executing VM operation: G1CollectFull done
Event: 74200.077 Executing VM operation: G1CollectFull
Event: 74200.127 Executing VM operation: G1CollectFull done
Event: 74210.177 Executing VM operation: G1CollectFull
Event: 74210.234 Executing VM operation: G1CollectFull done
Event: 74220.289 Executing VM operation: G1CollectFull
Event: 74220.351 Executing VM operation: G1CollectFull done
Event: 74230.423 Executing VM operation: G1CollectFull
Event: 74230.488 Executing VM operation: G1CollectFull done
Event: 74240.560 Executing VM operation: G1CollectFull
Event: 74240.627 Executing VM operation: G1CollectFull done
Event: 74250.669 Executing VM operation: G1CollectFull
Event: 74250.744 Executing VM operation: G1CollectFull done
Event: 74260.877 Executing VM operation: G1CollectFull

Events (20 events):
Event: 51907.231 Thread 0x00000176e4dd4790 Thread added: 0x00000176e4dd4790
Event: 51907.260 Thread 0x00000176e4dd60e0 Thread added: 0x00000176e4dd60e0
Event: 51907.640 Thread 0x00000176e5e05480 Thread added: 0x00000176e5e05480
Event: 51912.678 Thread 0x00000176e5e05480 Thread exited: 0x00000176e5e05480
Event: 51967.666 Thread 0x00000176e4dd4790 Thread exited: 0x00000176e4dd4790
Event: 51967.667 Thread 0x00000176e4dd60e0 Thread exited: 0x00000176e4dd60e0
Event: 56344.035 Thread 0x00000176e4dd2e40 Thread added: 0x00000176e4dd2e40
Event: 56344.047 Thread 0x00000176e4dd3860 Thread added: 0x00000176e4dd3860
Event: 56344.059 Thread 0x00000176e4dd7010 Thread added: 0x00000176e4dd7010
Event: 56344.074 Thread 0x00000176e4dd7f40 Thread added: 0x00000176e4dd7f40
Event: 56344.137 Thread 0x00000176e4dd4790 Thread added: 0x00000176e4dd4790
Event: 56344.357 Thread 0x00000176e5e069c0 Thread added: 0x00000176e5e069c0
Event: 56348.676 Thread 0x00000176e5e06f10 Thread added: 0x00000176e5e06f10
Event: 56354.017 Thread 0x00000176e5e06f10 Thread exited: 0x00000176e5e06f10
Event: 56358.098 Thread 0x00000176e5e069c0 Thread exited: 0x00000176e5e069c0
Event: 56404.482 Thread 0x00000176e4dd2e40 Thread exited: 0x00000176e4dd2e40
Event: 56408.692 Thread 0x00000176e4dd7f40 Thread exited: 0x00000176e4dd7f40
Event: 56408.709 Thread 0x00000176e4dd7010 Thread exited: 0x00000176e4dd7010
Event: 56418.107 Thread 0x00000176e4dd3860 Thread exited: 0x00000176e4dd3860
Event: 56418.415 Thread 0x00000176e4dd4790 Thread exited: 0x00000176e4dd4790


Dynamic libraries:
0x00007ff7a6ca0000 - 0x00007ff7a6cae000 	c:\Users\Cliente\.vscode\extensions\redhat.java-1.28.1-win32-x64\jre\17.0.10-win32-x86_64\bin\java.exe
0x00007fff7af70000 - 0x00007fff7b186000 	C:\WINDOWS\SYSTEM32\ntdll.dll
0x00007fff78df0000 - 0x00007fff78eb4000 	C:\WINDOWS\System32\KERNEL32.DLL
0x00007fff782b0000 - 0x00007fff78656000 	C:\WINDOWS\System32\KERNELBASE.dll
0x00007fff788e0000 - 0x00007fff789f1000 	C:\WINDOWS\System32\ucrtbase.dll
0x00007fff64fb0000 - 0x00007fff64fc7000 	c:\Users\Cliente\.vscode\extensions\redhat.java-1.28.1-win32-x64\jre\17.0.10-win32-x86_64\bin\jli.dll
0x00007fff79510000 - 0x00007fff796bd000 	C:\WINDOWS\System32\USER32.dll
0x00007fff788b0000 - 0x00007fff788d6000 	C:\WINDOWS\System32\win32u.dll
0x00007fff794e0000 - 0x00007fff79509000 	C:\WINDOWS\System32\GDI32.dll
0x00007fff78660000 - 0x00007fff78778000 	C:\WINDOWS\System32\gdi32full.dll
0x00007fff78b70000 - 0x00007fff78c0a000 	C:\WINDOWS\System32\msvcp_win.dll
0x00007fff5fa40000 - 0x00007fff5fa5b000 	c:\Users\Cliente\.vscode\extensions\redhat.java-1.28.1-win32-x64\jre\17.0.10-win32-x86_64\bin\VCRUNTIME140.dll
0x00007fff5ac10000 - 0x00007fff5aea3000 	C:\WINDOWS\WinSxS\amd64_microsoft.windows.common-controls_6595b64144ccf1df_6.0.22621.3235_none_270f74e173860f98\COMCTL32.dll
0x00007fff792a0000 - 0x00007fff79347000 	C:\WINDOWS\System32\msvcrt.dll
0x00007fff78ec0000 - 0x00007fff78ef1000 	C:\WINDOWS\System32\IMM32.DLL
0x00007fff70e90000 - 0x00007fff70e9c000 	c:\Users\Cliente\.vscode\extensions\redhat.java-1.28.1-win32-x64\jre\17.0.10-win32-x86_64\bin\vcruntime140_1.dll
0x00007fff5f9b0000 - 0x00007fff5fa3d000 	c:\Users\Cliente\.vscode\extensions\redhat.java-1.28.1-win32-x64\jre\17.0.10-win32-x86_64\bin\msvcp140.dll
0x00007ffeedf00000 - 0x00007ffeeeb62000 	c:\Users\Cliente\.vscode\extensions\redhat.java-1.28.1-win32-x64\jre\17.0.10-win32-x86_64\bin\server\jvm.dll
0x00007fff78d30000 - 0x00007fff78de2000 	C:\WINDOWS\System32\ADVAPI32.dll
0x00007fff791c0000 - 0x00007fff79268000 	C:\WINDOWS\System32\sechost.dll
0x00007fff78c90000 - 0x00007fff78cb8000 	C:\WINDOWS\System32\bcrypt.dll
0x00007fff7a220000 - 0x00007fff7a335000 	C:\WINDOWS\System32\RPCRT4.dll
0x00007fff78180000 - 0x00007fff781cd000 	C:\WINDOWS\SYSTEM32\POWRPROF.dll
0x00007fff61fc0000 - 0x00007fff61fc9000 	C:\WINDOWS\SYSTEM32\WSOCK32.dll
0x00007fff7a870000 - 0x00007fff7a8e1000 	C:\WINDOWS\System32\WS2_32.dll
0x00007fff70e40000 - 0x00007fff70e74000 	C:\WINDOWS\SYSTEM32\WINMM.dll
0x00007fff71090000 - 0x00007fff7109a000 	C:\WINDOWS\SYSTEM32\VERSION.dll
0x00007fff780b0000 - 0x00007fff780c3000 	C:\WINDOWS\SYSTEM32\UMPDC.dll
0x00007fff77250000 - 0x00007fff77268000 	C:\WINDOWS\SYSTEM32\kernel.appcore.dll
0x00007fff70200000 - 0x00007fff7020a000 	c:\Users\Cliente\.vscode\extensions\redhat.java-1.28.1-win32-x64\jre\17.0.10-win32-x86_64\bin\jimage.dll
0x00007fff64d70000 - 0x00007fff64fa3000 	C:\WINDOWS\SYSTEM32\DBGHELP.DLL
0x00007fff7a4e0000 - 0x00007fff7a868000 	C:\WINDOWS\System32\combase.dll
0x00007fff796d0000 - 0x00007fff797a7000 	C:\WINDOWS\System32\OLEAUT32.dll
0x00007fff62cf0000 - 0x00007fff62d22000 	C:\WINDOWS\SYSTEM32\dbgcore.DLL
0x00007fff78c10000 - 0x00007fff78c8a000 	C:\WINDOWS\System32\bcryptPrimitives.dll
0x00007fff5f860000 - 0x00007fff5f885000 	c:\Users\Cliente\.vscode\extensions\redhat.java-1.28.1-win32-x64\jre\17.0.10-win32-x86_64\bin\java.dll
0x00007fff4eba0000 - 0x00007fff4ebb8000 	c:\Users\Cliente\.vscode\extensions\redhat.java-1.28.1-win32-x64\jre\17.0.10-win32-x86_64\bin\zip.dll
0x00007fff797b0000 - 0x00007fff7a00d000 	C:\WINDOWS\System32\SHELL32.dll
0x00007fff761c0000 - 0x00007fff76ab8000 	C:\WINDOWS\SYSTEM32\windows.storage.dll
0x00007fff76080000 - 0x00007fff761be000 	C:\WINDOWS\SYSTEM32\wintypes.dll
0x00007fff790c0000 - 0x00007fff791b3000 	C:\WINDOWS\System32\SHCORE.dll
0x00007fff7a900000 - 0x00007fff7a95e000 	C:\WINDOWS\System32\shlwapi.dll
0x00007fff781e0000 - 0x00007fff78206000 	C:\WINDOWS\SYSTEM32\profapi.dll
0x00007fff4eb00000 - 0x00007fff4eb19000 	C:\Users\Cliente\.vscode\extensions\redhat.java-1.28.1-win32-x64\jre\17.0.10-win32-x86_64\bin\net.dll
0x00007fff70d00000 - 0x00007fff70e37000 	C:\WINDOWS\SYSTEM32\WINHTTP.dll
0x00007fff77720000 - 0x00007fff77789000 	C:\WINDOWS\system32\mswsock.dll
0x00007fff4eae0000 - 0x00007fff4eaf6000 	C:\Users\Cliente\.vscode\extensions\redhat.java-1.28.1-win32-x64\jre\17.0.10-win32-x86_64\bin\nio.dll
0x00007fff68820000 - 0x00007fff68830000 	c:\Users\Cliente\.vscode\extensions\redhat.java-1.28.1-win32-x64\jre\17.0.10-win32-x86_64\bin\verify.dll
0x00007fff77a70000 - 0x00007fff77a8b000 	C:\WINDOWS\SYSTEM32\CRYPTSP.dll
0x00007fff77210000 - 0x00007fff77245000 	C:\WINDOWS\system32\rsaenh.dll
0x00007fff777c0000 - 0x00007fff777ec000 	C:\WINDOWS\SYSTEM32\USERENV.dll
0x00007fff77a50000 - 0x00007fff77a5c000 	C:\WINDOWS\SYSTEM32\CRYPTBASE.dll
0x00007fff76d20000 - 0x00007fff76d4d000 	C:\WINDOWS\SYSTEM32\IPHLPAPI.DLL
0x00007fff796c0000 - 0x00007fff796c9000 	C:\WINDOWS\System32\NSI.dll
0x00007fff71070000 - 0x00007fff71089000 	C:\WINDOWS\SYSTEM32\dhcpcsvc6.DLL
0x00007fff70a50000 - 0x00007fff70a6f000 	C:\WINDOWS\SYSTEM32\dhcpcsvc.DLL
0x00007fff76d90000 - 0x00007fff76e89000 	C:\WINDOWS\SYSTEM32\DNSAPI.dll
0x00007fff72910000 - 0x00007fff72919000 	C:\Users\Cliente\.vscode\extensions\redhat.java-1.28.1-win32-x64\jre\17.0.10-win32-x86_64\bin\management.dll
0x00007fff70ed0000 - 0x00007fff70edb000 	C:\Users\Cliente\.vscode\extensions\redhat.java-1.28.1-win32-x64\jre\17.0.10-win32-x86_64\bin\management_ext.dll
0x00007fff79270000 - 0x00007fff79278000 	C:\WINDOWS\System32\PSAPI.DLL
0x00007fff70ec0000 - 0x00007fff70ece000 	C:\Users\Cliente\.vscode\extensions\redhat.java-1.28.1-win32-x64\jre\17.0.10-win32-x86_64\bin\sunmscapi.dll
0x00007fff78a00000 - 0x00007fff78b66000 	C:\WINDOWS\System32\CRYPT32.dll
0x00007fff77b80000 - 0x00007fff77bae000 	C:\WINDOWS\SYSTEM32\ncrypt.dll
0x00007fff77b40000 - 0x00007fff77b77000 	C:\WINDOWS\SYSTEM32\NTASN1.dll
0x00007fff703d0000 - 0x00007fff703da000 	C:\Windows\System32\rasadhlp.dll
0x00007fff6fc20000 - 0x00007fff6fca3000 	C:\WINDOWS\System32\fwpuclnt.dll
0x00007fff702e0000 - 0x00007fff702e9000 	C:\Users\Cliente\.vscode\extensions\redhat.java-1.28.1-win32-x64\jre\17.0.10-win32-x86_64\bin\extnet.dll

dbghelp: loaded successfully - version: 4.0.5 - missing functions: none
symbol engine: initialized successfully - sym options: 0x614 - pdb path: .;c:\Users\Cliente\.vscode\extensions\redhat.java-1.28.1-win32-x64\jre\17.0.10-win32-x86_64\bin;C:\WINDOWS\SYSTEM32;C:\WINDOWS\WinSxS\amd64_microsoft.windows.common-controls_6595b64144ccf1df_6.0.22621.3235_none_270f74e173860f98;c:\Users\Cliente\.vscode\extensions\redhat.java-1.28.1-win32-x64\jre\17.0.10-win32-x86_64\bin\server

VM Arguments:
jvm_args: -XX:+HeapDumpOnOutOfMemoryError -Xmx1024m -Dsts.lsp.client=vscode -Dsts.log.file=/dev/null -XX:TieredStopAtLevel=1 -Xlog:jni+resolve=off -Dspring.config.location=file:c:\Users\Cliente\.vscode\extensions\vmware.vscode-spring-boot-1.53.0\language-server\BOOT-INF\classes\application.properties 
java_command: org.springframework.ide.vscode.boot.app.BootLanguageServerBootApp
java_class_path (initial): c:\Users\Cliente\.vscode\extensions\vmware.vscode-spring-boot-1.53.0\language-server\BOOT-INF\classes;c:\Users\Cliente\.vscode\extensions\vmware.vscode-spring-boot-1.53.0\language-server\BOOT-INF\lib\annotations-24.1.0.jar;c:\Users\Cliente\.vscode\extensions\vmware.vscode-spring-boot-1.53.0\language-server\BOOT-INF\lib\antlr4-runtime-4.11.1.jar;c:\Users\Cliente\.vscode\extensions\vmware.vscode-spring-boot-1.53.0\language-server\BOOT-INF\lib\asm-9.6.jar;c:\Users\Cliente\.vscode\extensions\vmware.vscode-spring-boot-1.53.0\language-server\BOOT-INF\lib\asm-analysis-9.6.jar;c:\Users\Cliente\.vscode\extensions\vmware.vscode-spring-boot-1.53.0\language-server\BOOT-INF\lib\asm-tree-9.6.jar;c:\Users\Cliente\.vscode\extensions\vmware.vscode-spring-boot-1.53.0\language-server\BOOT-INF\lib\asm-util-9.6.jar;c:\Users\Cliente\.vscode\extensions\vmware.vscode-spring-boot-1.53.0\language-server\BOOT-INF\lib\caffeine-3.1.8.jar;c:\Users\Cliente\.vscode\extensions\vmware.vscode-spring-boot-1.53.0\language-server\BOOT-INF\lib\checker-qual-3.12.0.jar;c:\Users\Cliente\.vscode\extensions\vmware.vscode-spring-boot-1.53.0\language-server\BOOT-INF\lib\classgraph-4.8.149.jar;c:\Users\Cliente\.vscode\extensions\vmware.vscode-spring-boot-1.53.0\language-server\BOOT-INF\lib\commons-codec-1.16.1.jar;c:\Users\Cliente\.vscode\extensions\vmware.vscode-spring-boot-1.53.0\language-server\BOOT-INF\lib\commons-compress-1.26.0.jar;c:\Users\Cliente\.vscode\extensions\vmware.vscode-spring-boot-1.53.0\language-server\BOOT-INF\lib\commons-io-2.4.jar;c:\Users\Cliente\.vscode\extensions\vmware.vscode-spring-boot-1.53.0\language-server\BOOT-INF\lib\commons-java-1.53.0-SNAPSHOT.jar;c:\Users\Cliente\.vscode\extensions\vmware.vscode-spring-boot-1.53.0\language-server\BOOT-INF\lib\commons-lang3-3.13.0.jar;c:\Users\Cliente\.vscode\extensions\vmware.vscode-spring-boot-1.53.0\language-server\BOOT-INF\lib\commons-language-server-1.53.0-SNAPSHOT.jar;c:\Users\Cliente\.vscode\extensions\vmware.
Launcher Type: SUN_STANDARD

[Global flags]
     intx CICompilerCount                          = 4                                         {product} {ergonomic}
     uint ConcGCThreads                            = 2                                         {product} {ergonomic}
     uint G1ConcRefinementThreads                  = 8                                         {product} {ergonomic}
   size_t G1HeapRegionSize                         = 1048576                                   {product} {ergonomic}
    uintx GCDrainStackTargetSize                   = 64                                        {product} {ergonomic}
     bool HeapDumpOnOutOfMemoryError               = true                                   {manageable} {command line}
   size_t InitialHeapSize                          = 132120576                                 {product} {ergonomic}
   size_t MarkStackSize                            = 4194304                                   {product} {ergonomic}
   size_t MaxHeapSize                              = 1073741824                                {product} {command line}
   size_t MaxNewSize                               = 643825664                                 {product} {ergonomic}
   size_t MinHeapDeltaBytes                        = 1048576                                   {product} {ergonomic}
   size_t MinHeapSize                              = 8388608                                   {product} {ergonomic}
    uintx NonProfiledCodeHeapSize                  = 0                                      {pd product} {ergonomic}
     bool ProfileInterpreter                       = false                                  {pd product} {command line}
    uintx ProfiledCodeHeapSize                     = 0                                      {pd product} {ergonomic}
   size_t SoftMaxHeapSize                          = 1073741824                             {manageable} {ergonomic}
     intx TieredStopAtLevel                        = 1                                         {product} {command line}
     bool UseCompressedClassPointers               = true                           {product lp64_product} {ergonomic}
     bool UseCompressedOops                        = true                           {product lp64_product} {ergonomic}
     bool UseG1GC                                  = true                                      {product} {ergonomic}
     bool UseLargePagesIndividualAllocation        = false                                  {pd product} {ergonomic}

Logging:
Log output configuration:
 #0: stdout all=warning,jni+resolve=off uptime,level,tags
 #1: stderr all=off uptime,level,tags

Environment Variables:
JAVA_HOME=C:\Program Files (x86)\jdk17\bin
PATH=%JAVA_HOME%\bin;C:\Program Files\Git\cmd;C:\Program Files\nodejs\;C:\Program Files\MySQL\MySQL Shell 8.0\bin\;C:\Users\Cliente\AppData\Local\Microsoft\WindowsApps;C:\Users\Cliente\AppData\Local\Android\Sdk\platform-tools;C:\Users\Cliente\AppData\Local\GitHubDesktop\bin;C:\Users\Cliente\AppData\Roaming\Composer\vendor\bin;C:\Users\Cliente\AppData\Local\Yarn\bin;C:\Users\Cliente\AppData\Local\Pub\Cache\bin;C:\Users\Cliente\Documents\flutter\bin;C:\Users\Cliente\Documents\jdk-17\bin;C:\Users\Cliente\Documents\flutter\bin;C:\Users\Cliente\AppData\Local\Android\Sdk\tools;C:\Users\Cliente\AppData\Local\Programs\Microsoft VS Code\bin;C:\Users\Cliente\AppData\Roaming\npm
USERNAME=Cliente
OS=Windows_NT
PROCESSOR_IDENTIFIER=Intel64 Family 6 Model 126 Stepping 5, GenuineIntel
TMP=C:\Users\Cliente\AppData\Local\Temp
TEMP=C:\Users\Cliente\AppData\Local\Temp



Periodic native trim disabled


---------------  S Y S T E M  ---------------

OS:
 Windows 11 , 64 bit Build 22621 (10.0.22621.3235)
OS uptime: 17 days 21:08 hours
Hyper-V role detected

CPU: total 8 (initial active 8) (4 cores per cpu, 2 threads per core) family 6 model 126 stepping 5 microcode 0x86, cx8, cmov, fxsr, ht, mmx, 3dnowpref, sse, sse2, sse3, ssse3, sse4.1, sse4.2, popcnt, lzcnt, tsc, tscinvbit, avx, avx2, aes, erms, clmul, bmi1, bmi2, adx, avx512f, avx512dq, avx512cd, avx512bw, avx512vl, sha, fma, vzeroupper, avx512_vpopcntdq, avx512_vpclmulqdq, avx512_vaes, avx512_vnni, clflush, clflushopt, avx512_vbmi2, avx512_vbmi, hv
Processor Information for all 8 processors :
  Max Mhz: 1190, Current Mhz: 991, Mhz Limit: 987

Memory: 4k page, system-wide physical 7969M (417M free)
TotalPageFile size 18986M (AvailPageFile size 11M)
current process WorkingSet (physical memory assigned to process): 68M, peak: 215M
current process commit charge ("private bytes"): 259M, peak: 271M

vm_info: OpenJDK 64-Bit Server VM (17.0.10+7) for windows-amd64 JRE (17.0.10+7), built on Jan 16 2024 23:25:11 by "admin" with MS VC++ 16.10 / 16.11 (VS2019)

END.
